<?xml version="1.0" encoding="UTF-8"?>
<testsuite xmlns:xsi="http://www.w3.org/2001/XMLSchema-instance" xsi:noNamespaceSchemaLocation="https://maven.apache.org/surefire/maven-surefire-plugin/xsd/surefire-test-report-3.0.xsd" version="3.0" name="fr.norsys.testapp.MainTest" time="0.224" tests="9" errors="0" skipped="0" failures="0">
  <properties>
[...]
</properties>
  <testcase name="testCalculateChange" classname="fr.norsys.testapp.MainTest" time="0.084"/>
  <testcase name="testIfMachineHasEnoughCoins" classname="fr.norsys.testapp.MainTest" time="0.017">
    <system-out><![CDATA[BUENO | price :12
 sum Coins giving :15
COIN_2 / 1
COIN_1 / 1
]]></system-out>
  </testcase>
  <testcase name="testCancelOpertation" classname="fr.norsys.testapp.MainTest" time="0.002"/>
  <testcase name="testIfCoinsEnough" classname="fr.norsys.testapp.MainTest" time="0.004">
    <system-out><![CDATA[WATER | price :5
 sum Coins giving :11
COIN_1 / 1
COIN_5 / 1
]]></system-out>
  </testcase>
  <testcase name="Testing_total_coins_value" classname="fr.norsys.testapp.MainTest" time="0.002"/>
  <testcase name="testOptimalChange" classname="fr.norsys.testapp.MainTest" time="0.002"/>
  <testcase name="testDecrementProductQuantity" classname="fr.norsys.testapp.MainTest" time="0.003">
    <system-out><![CDATA[WATER | price :5
 sum Coins giving :6
COIN_1 / 1
]]></system-out>
  </testcase>
  <testcase name="testIfMachineHasChange" classname="fr.norsys.testapp.MainTest" time="0.003">
    <system-out><![CDATA[BUENO | price :12
 sum Coins giving :20
]]></system-out>
  </testcase>
  <testcase name="ProductExisting" classname="fr.norsys.testapp.MainTest" time="0.001"/>
</testsuite>